<?xml version="1.0" encoding="UTF-8"?>
<!-- Generated by org.testng.reporters.JUnitReportReporter -->
<testsuite hostname="LAPTOP-1FK3MS3J" failures="0" tests="3" name="test.cls1" time="0.015" errors="0" timestamp="2023-02-13T19:57:12 IST" skipped="0">
  <testcase classname="test.cls1" name="addf" time="0.002"/>
  <system-out/>
  <testcase classname="test.cls1" name="add" time="0.012"/>
  <system-out/>
  <testcase classname="test.cls1" name="adde" time="0.001"/>
  <system-out/>
</testsuite> <!-- test.cls1 -->
