<?xml version="1.0" encoding="UTF-8"?>
<!-- Generated by org.testng.reporters.JUnitReportReporter -->
<testsuite hostname="LAPTOP-1FK3MS3J" failures="0" tests="2" name="test.AmazonLoginPage" time="0.002" errors="0" timestamp="2023-02-14T15:40:03 IST" skipped="0">
  <testcase classname="test.AmazonLoginPage" name="loginpage2" time="0.001"/>
  <system-out/>
  <testcase classname="test.AmazonLoginPage" name="loginpage3" time="0.001"/>
  <system-out/>
</testsuite> <!-- test.AmazonLoginPage -->
