<?xml version="1.0" encoding="UTF-8"?>
<!-- Generated by org.testng.reporters.JUnitReportReporter -->
<testsuite hostname="LAPTOP-1FK3MS3J" failures="0" tests="2" name="test.Cls2" time="0.002" errors="0" timestamp="2023-02-13T19:57:12 IST" skipped="0">
  <testcase classname="test.Cls2" name="add" time="0.001"/>
  <system-out/>
  <testcase classname="test.Cls2" name="add" time="0.001"/>
  <system-out/>
</testsuite> <!-- test.Cls2 -->
