<?xml version="1.0" encoding="UTF-8"?>
<!-- Generated by org.testng.reporters.JUnitReportReporter -->
<testsuite hostname="LAPTOP-1FK3MS3J" failures="0" tests="1" name="test.AmazonHomePage" time="0.011" errors="0" timestamp="2023-02-14T15:40:03 IST" skipped="0">
  <testcase classname="test.AmazonHomePage" name="homepage" time="0.011"/>
  <system-out/>
</testsuite> <!-- test.AmazonHomePage -->
